[21:27:20] Старт запуску експериментів. R=30, R_aco=30, full_n=True, only=None, parallel=True
[21:27:20] Запущено EXP1 у процесі PID=1436
[21:27:20] Запущено EXP2 у процесі PID=1437
[21:27:20] Запущено EXP3 у процесі PID=1438
[21:27:20] Запущено EXP4 у процесі PID=1439

======================================================================
[21:27:20] [EXP2] ЕКСПЕРИМЕНТ 2: калібрування β
======================================================================
[21:27:20] [EXP2] n=30, p=0.4, L_min=2, L_max=4, R=30, R_aco=30
[21:27:20] [EXP2] β values = [0.5, 1.0, 2.0, 3.0, 4.0, 5.0]
[21:27:20] [EXP2]   β = 0.5: запуск 30 задач × 30 прогонів АМК...

======================================================================
[21:27:20] [EXP1] ЕКСПЕРИМЕНТ 1: калібрування N_stag
======================================================================
[21:27:20] [EXP1] n=30, p=0.4, L_min=2, L_max=4, R=30, R_aco=30
[21:27:20] [EXP1] π values = [150, 300, 600, 1500, 3000]
[21:27:20] [EXP1]   π = 150: запуск 30 задач × 30 прогонів АМК...

======================================================================
[21:27:20] [EXP4] ЕКСПЕРИМЕНТ 4: вплив розмірності n
======================================================================
[21:27:20] [EXP4] Експ.4: R=30 → 20 (як у плані курсової)
[21:27:20] [EXP4] n=[6, 10, 15, 20, 30, 50, 80, 100], p=0.4, L_min=2, L_max=4, R=20, R_aco=30
[21:27:20] [EXP4]   n = 6: запуск 20 задач × 30 прогонів АМК...

======================================================================
[21:27:20] [EXP3] ЕКСПЕРИМЕНТ 3a: вплив p (щільність обмежень)
======================================================================
[21:27:20] [EXP3] n=30, p=[0.0, 0.2, 0.4, 0.6, 0.8], R=30, R_aco=30
[21:27:20] [EXP3]   p = 0.0: запуск 30 задач × 30 прогонів...
[21:27:28] [EXP4]   n = 10: запуск 20 задач × 30 прогонів АМК...
[21:28:30] [EXP4]   n = 15: запуск 20 задач × 30 прогонів АМК...
[21:29:44] [EXP4]   n = 20: запуск 20 задач × 30 прогонів АМК...
[21:32:06] [EXP4]   n = 30: запуск 20 задач × 30 прогонів АМК...
[21:37:48] [EXP3]   p = 0.2: запуск 30 задач × 30 прогонів...
[21:38:24] [EXP4]   n = 50: запуск 20 задач × 30 прогонів АМК...
[21:41:19] [EXP2]   β = 1.0: запуск 30 задач × 30 прогонів АМК...
[21:47:26] [EXP3]   p = 0.4: запуск 30 задач × 30 прогонів...
[21:53:27] [EXP2]   β = 2.0: запуск 30 задач × 30 прогонів АМК...
[21:56:02] [EXP3]   p = 0.6: запуск 30 задач × 30 прогонів...
[21:58:55] [EXP4]   n = 80: запуск 20 задач × 30 прогонів АМК...
[22:01:01] [EXP1]   π = 300: запуск 30 задач × 30 прогонів АМК...
[22:01:49] [EXP2]   β = 3.0: запуск 30 задач × 30 прогонів АМК...
[22:04:33] [EXP3]   p = 0.8: запуск 30 задач × 30 прогонів...
[22:09:37] [EXP2]   β = 4.0: запуск 30 задач × 30 прогонів АМК...
[22:13:31] [EXP3] Експеримент 3a завершено за 2770.6 с

p           T_g_avg     T_a_avg     t_g_avg_ms  t_a_avg_ms  delta_avg   w         
----------------------------------------------------------------------------------
    0.0000     57.1409     48.7051      0.1565    697.3768      0.1436      1.0000
    0.2000     65.0066     54.7474      0.1585    642.5406      0.1553      1.0000
    0.4000     72.4545     59.8598      0.1540    573.4406      0.1697      1.0000
    0.6000     76.2945     65.1434      0.1529    568.1043      0.1418      1.0000
    0.8000     82.4127     69.2094      0.1586    596.8729      0.1585      0.9667
[22:13:31] [EXP3] Збережено: exp3_p_results.txt, exp3_p_graph.png

======================================================================
[22:13:31] [EXP3] ЕКСПЕРИМЕНТ 3b: вплив L (середня довжина ланцюжка)
======================================================================
[22:13:31] [EXP3] n=30, p=0.4, L=[2, 3, 5], R=30, R_aco=30
[22:13:31] [EXP3]   L = 2: запуск 30 задач × 30 прогонів...
[22:17:09] [EXP2]   β = 5.0: запуск 30 задач × 30 прогонів АМК...
[22:23:27] [EXP3]   L = 3: запуск 30 задач × 30 прогонів...
[22:24:29] [EXP2] Експеримент 2 завершено за 3428.5 с

beta        T_avg       t_avg_ms  
----------------------------------
    0.5000     69.0809    932.6085
    1.0000     61.2745    808.0572
    2.0000     59.9309    557.7182
    3.0000     59.9157    520.0107
    4.0000     60.0550    502.6465
    5.0000     60.3760    488.2609
[22:24:29] [EXP2] Збережено: exp2_beta_results.txt, exp2_beta_graph.png
[22:31:38] [EXP3]   L = 5: запуск 30 задач × 30 прогонів...
[22:39:32] [EXP3] Експеримент 3b завершено за 1561.0 с

L           T_g_avg     T_a_avg     t_g_avg_ms  t_a_avg_ms  delta_avg   w         
----------------------------------------------------------------------------------
2              70.4040     56.8638      0.1473    662.3891      0.1877      1.0000
3              72.4545     59.8598      0.1441    545.3002      0.1697      1.0000
5              79.3960     67.7439      0.1387    526.6946      0.1441      1.0000
[22:39:32] [EXP3] Збережено: exp3_L_results.txt, exp3_L_graph.png
[23:01:42] [EXP1]   π = 600: запуск 30 задач × 30 прогонів АМК...
[23:09:41] [EXP4]   n = 100: запуск 20 задач × 30 прогонів АМК...
[00:53:50] [EXP1]   π = 1500: запуск 30 задач × 30 прогонів АМК...
[01:01:03] [EXP4] Експеримент 4 завершено за 12822.6 с

n           T_g_avg     T_a_avg     t_g_avg_ms  t_a_avg_ms  delta_avg   w           gap_avg   
----------------------------------------------------------------------------------------------
6              33.5907     29.6222      0.0395     13.5997      0.1118      0.8500      0.0001
10             43.8430     38.3083      0.0668     50.1320      0.1235      0.9500      0.0049
15             53.4082     45.0894      0.0746    124.2571      0.1513      1.0000  None      
20             57.7786     50.3728      0.0948    236.6637      0.1276      1.0000  None      
30             71.6129     60.2027      0.1583    630.0744      0.1562      1.0000  None      
50             94.1528     79.1388      0.3085   2051.6095      0.1574      1.0000  None      
80            117.1099     98.8992      0.6808   7076.3885      0.1520      1.0000  None      
100           132.4934    113.9348      0.9696  11135.4278      0.1358      1.0000  None      
[01:01:03] [EXP4] Збережено: exp4_n_results.txt, exp4_n_quality.png, exp4_n_time.png, exp4_n_gap.png
[05:28:54] [EXP1]   π = 3000: запуск 30 задач × 30 прогонів АМК...
[14:29:41] [EXP1] Експеримент 1 завершено за 61340.8 с

pi          T_avg       t_avg_ms  
----------------------------------
150            62.6870   2245.1175
300            62.6646   4045.8529
600            62.6448   7475.5269
1500           62.6222  18337.3579
3000           62.6144  36052.4127
[14:29:41] [EXP1] Збережено: exp1_n_stag_results.txt, exp1_n_stag_graph.png
[14:29:41] EXP1 завершено успішно
[14:29:41] EXP2 завершено успішно
[14:29:41] EXP3 завершено успішно
[14:29:41] EXP4 завершено успішно
[14:29:41] УСІ ЕКСПЕРИМЕНТИ ЗАВЕРШЕНО за 1022.4 хв
